# JRE version: OpenJDK Runtime Environment Temurin-17.0.2+8 (17.0.2+8) (build 17.0.2+8)
# Java VM: OpenJDK 64-Bit Server VM Temurin-17.0.2+8 (17.0.2+8, mixed mode, tiered, compressed oops, compressed class ptrs, g1 gc, windows-amd64)
GC Precious Log:
 CPUs: 8 total, 8 available
 Memory: 16062M
 Large Page Support: Disabled
 NUMA Support: Disabled
 Compressed Oops: Enabled (Zero based)
 Heap Region Size: 8M
 Heap Min Capacity: 1G
 Heap Initial Capacity: 1G
 Heap Max Capacity: 14G
 Pre-touch: Disabled
 Parallel Workers: 8
 Concurrent Workers: 2
 Concurrent Refinement Workers: 8
 Periodic GC: Disabled
Heap:
 garbage-first heap   total 1048576K, used 179088K [0x0000000480000000, 0x0000000800000000)
  region size 8192K, 1 young (8192K), 1 survivors (8192K)
 Metaspace       used 3870K, committed 3968K, reserved 1056768K
  class space    used 313K, committed 384K, reserved 1048576K
GC Heap History (9 events):
Event: 0.132 GC heap before
{Heap before GC invocations=0 (full 0):
 garbage-first heap   total 1048576K, used 49152K [0x0000000480000000, 0x0000000800000000)
  region size 8192K, 6 young (49152K), 0 survivors (0K)
 Metaspace       used 3870K, committed 3968K, reserved 1056768K
  class space    used 313K, committed 384K, reserved 1048576K
}
Event: 0.149 GC heap after
{Heap after GC invocations=1 (full 0):
 garbage-first heap   total 1048576K, used 22824K [0x0000000480000000, 0x0000000800000000)
  region size 8192K, 1 young (8192K), 1 survivors (8192K)
 Metaspace       used 3870K, committed 3968K, reserved 1056768K
  class space    used 313K, committed 384K, reserved 1048576K
}
Event: 0.179 GC heap before
{Heap before GC invocations=1 (full 0):
 garbage-first heap   total 1048576K, used 63784K [0x0000000480000000, 0x0000000800000000)
  region size 8192K, 6 young (49152K), 1 survivors (8192K)
 Metaspace       used 3870K, committed 3968K, reserved 1056768K
  class space    used 313K, committed 384K, reserved 1048576K
}
Event: 0.194 GC heap after
{Heap after GC invocations=2 (full 0):
 garbage-first heap   total 1048576K, used 57344K [0x0000000480000000, 0x0000000800000000)
  region size 8192K, 1 young (8192K), 1 survivors (8192K)
 Metaspace       used 3870K, committed 3968K, reserved 1056768K
  class space    used 313K, committed 384K, reserved 1048576K
}
Event: 0.225 GC heap before
{Heap before GC invocations=2 (full 0):
 garbage-first heap   total 1048576K, used 98304K [0x0000000480000000, 0x0000000800000000)
  region size 8192K, 6 young (49152K), 1 survivors (8192K)
 Metaspace       used 3870K, committed 3968K, reserved 1056768K
  class space    used 313K, committed 384K, reserved 1048576K
}
Event: 0.248 GC heap after
{Heap after GC invocations=3 (full 0):
 garbage-first heap   total 1048576K, used 94435K [0x0000000480000000, 0x0000000800000000)
  region size 8192K, 1 young (8192K), 1 survivors (8192K)
 Metaspace       used 3870K, committed 3968K, reserved 1056768K
  class space    used 313K, committed 384K, reserved 1048576K
}
Event: 0.286 GC heap before
{Heap before GC invocations=3 (full 0):
 garbage-first heap   total 1048576K, used 143587K [0x0000000480000000, 0x0000000800000000)
  region size 8192K, 6 young (49152K), 1 survivors (8192K)
 Metaspace       used 3870K, committed 3968K, reserved 1056768K
  class space    used 313K, committed 384K, reserved 1048576K
}
Event: 0.304 GC heap after
{Heap after GC invocations=4 (full 0):
 garbage-first heap   total 1048576K, used 136872K [0x0000000480000000, 0x0000000800000000)
  region size 8192K, 1 young (8192K), 1 survivors (8192K)
 Metaspace       used 3870K, committed 3968K, reserved 1056768K
  class space    used 313K, committed 384K, reserved 1048576K
}
Event: 0.345 GC heap before
{Heap before GC invocations=4 (full 0):
 garbage-first heap   total 1048576K, used 186024K [0x0000000480000000, 0x0000000800000000)
  region size 8192K, 6 young (49152K), 1 survivors (8192K)
 Metaspace       used 3870K, committed 3968K, reserved 1056768K
  class space    used 313K, committed 384K, reserved 1048576K
}

