# JRE version: OpenJDK Runtime Environment Temurin-17.0.2+8 (17.0.2+8) (build 17.0.2+8)
# Java VM: OpenJDK 64-Bit Server VM Temurin-17.0.2+8 (17.0.2+8, mixed mode, tiered, compressed oops, compressed class ptrs, g1 gc, windows-amd64)
GC Precious Log:
 CPUs: 8 total, 8 available
 Memory: 16062M
 Large Page Support: Disabled
 NUMA Support: Disabled
 Compressed Oops: Enabled (Zero based)
 Heap Region Size: 8M
 Heap Min Capacity: 1G
 Heap Initial Capacity: 1G
 Heap Max Capacity: 14G
 Pre-touch: Disabled
 Parallel Workers: 8
 Concurrent Workers: 2
 Concurrent Refinement Workers: 8
 Periodic GC: Disabled
Heap:
 garbage-first heap   total 1048576K, used 179888K [0x0000000480000000, 0x0000000800000000)
  region size 8192K, 1 young (8192K), 1 survivors (8192K)
 Metaspace       used 3869K, committed 3968K, reserved 1056768K
  class space    used 313K, committed 384K, reserved 1048576K
GC Heap History (9 events):
Event: 0.150 GC heap before
{Heap before GC invocations=0 (full 0):
 garbage-first heap   total 1048576K, used 49152K [0x0000000480000000, 0x0000000800000000)
  region size 8192K, 6 young (49152K), 0 survivors (0K)
 Metaspace       used 3869K, committed 3968K, reserved 1056768K
  class space    used 313K, committed 384K, reserved 1048576K
}
Event: 0.160 GC heap after
{Heap after GC invocations=1 (full 0):
 garbage-first heap   total 1048576K, used 22808K [0x0000000480000000, 0x0000000800000000)
  region size 8192K, 1 young (8192K), 1 survivors (8192K)
 Metaspace       used 3869K, committed 3968K, reserved 1056768K
  class space    used 313K, committed 384K, reserved 1048576K
}
Event: 0.192 GC heap before
{Heap before GC invocations=1 (full 0):
 garbage-first heap   total 1048576K, used 63768K [0x0000000480000000, 0x0000000800000000)
  region size 8192K, 6 young (49152K), 1 survivors (8192K)
 Metaspace       used 3869K, committed 3968K, reserved 1056768K
  class space    used 313K, committed 384K, reserved 1048576K
}
Event: 0.206 GC heap after
{Heap after GC invocations=2 (full 0):
 garbage-first heap   total 1048576K, used 56052K [0x0000000480000000, 0x0000000800000000)
  region size 8192K, 1 young (8192K), 1 survivors (8192K)
 Metaspace       used 3869K, committed 3968K, reserved 1056768K
  class space    used 313K, committed 384K, reserved 1048576K
}
Event: 0.237 GC heap before
{Heap before GC invocations=2 (full 0):
 garbage-first heap   total 1048576K, used 88820K [0x0000000480000000, 0x0000000800000000)
  region size 8192K, 6 young (49152K), 1 survivors (8192K)
 Metaspace       used 3869K, committed 3968K, reserved 1056768K
  class space    used 313K, committed 384K, reserved 1048576K
}
Event: 0.253 GC heap after
{Heap after GC invocations=3 (full 0):
 garbage-first heap   total 1048576K, used 94213K [0x0000000480000000, 0x0000000800000000)
  region size 8192K, 1 young (8192K), 1 survivors (8192K)
 Metaspace       used 3869K, committed 3968K, reserved 1056768K
  class space    used 313K, committed 384K, reserved 1048576K
}
Event: 0.292 GC heap before
{Heap before GC invocations=3 (full 0):
 garbage-first heap   total 1048576K, used 143365K [0x0000000480000000, 0x0000000800000000)
  region size 8192K, 6 young (49152K), 1 survivors (8192K)
 Metaspace       used 3869K, committed 3968K, reserved 1056768K
  class space    used 313K, committed 384K, reserved 1048576K
}
Event: 0.310 GC heap after
{Heap after GC invocations=4 (full 0):
 garbage-first heap   total 1048576K, used 136807K [0x0000000480000000, 0x0000000800000000)
  region size 8192K, 1 young (8192K), 1 survivors (8192K)
 Metaspace       used 3869K, committed 3968K, reserved 1056768K
  class space    used 313K, committed 384K, reserved 1048576K
}
Event: 0.347 GC heap before
{Heap before GC invocations=4 (full 0):
 garbage-first heap   total 1048576K, used 185959K [0x0000000480000000, 0x0000000800000000)
  region size 8192K, 6 young (49152K), 1 survivors (8192K)
 Metaspace       used 3869K, committed 3968K, reserved 1056768K
  class space    used 313K, committed 384K, reserved 1048576K
}

